{"name":"Making a order","status":"broken","statusDetails":{"known":false,"muted":false,"flaky":false,"message":"Expected condition failed: waiting for element to be clickable: [[ChromeDriver: chrome on WINDOWS (5778482220f1735fb0562ce043aeb0eb)] -> id: top-cart-btn-checkout] (tried for 40 second(s) with 500 milliseconds interval)\nBuild info: version: '3.141.59', revision: 'e82be7d358', time: '2018-11-14T08:17:03'\nSystem info: host: 'KHILT-9707', ip: '10.60.64.208', os.name: 'Windows 10', os.arch: 'amd64', os.version: '10.0', java.version: '17.0.2'\nDriver info: org.openqa.selenium.chrome.ChromeDriver\nCapabilities {acceptInsecureCerts: false, browserName: chrome, browserVersion: 117.0.5938.132, chrome: {chromedriverVersion: 117.0.5938.92 (67649b10b92b..., userDataDir: C:\\Users\\SAHRIS~1.MAN\\AppDa...}, fedcm:accounts: true, goog:chromeOptions: {debuggerAddress: localhost:50588}, javascriptEnabled: true, networkConnectionEnabled: false, pageLoadStrategy: normal, platform: WINDOWS, platformName: WINDOWS, proxy: Proxy(), setWindowRect: true, strictFileInteractability: false, timeouts: {implicit: 0, pageLoad: 300000, script: 30000}, unhandledPromptBehavior: dismiss and notify, webauthn:extension:credBlob: true, webauthn:extension:largeBlob: true, webauthn:extension:minPinLength: true, webauthn:extension:prf: true, webauthn:virtualAuthenticators: true}\nSession ID: 5778482220f1735fb0562ce043aeb0eb","trace":"org.openqa.selenium.TimeoutException: Expected condition failed: waiting for element to be clickable: [[ChromeDriver: chrome on WINDOWS (5778482220f1735fb0562ce043aeb0eb)] -> id: top-cart-btn-checkout] (tried for 40 second(s) with 500 milliseconds interval)\nBuild info: version: '3.141.59', revision: 'e82be7d358', time: '2018-11-14T08:17:03'\nSystem info: host: 'KHILT-9707', ip: '10.60.64.208', os.name: 'Windows 10', os.arch: 'amd64', os.version: '10.0', java.version: '17.0.2'\nDriver info: org.openqa.selenium.chrome.ChromeDriver\nCapabilities {acceptInsecureCerts: false, browserName: chrome, browserVersion: 117.0.5938.132, chrome: {chromedriverVersion: 117.0.5938.92 (67649b10b92b..., userDataDir: C:\\Users\\SAHRIS~1.MAN\\AppDa...}, fedcm:accounts: true, goog:chromeOptions: {debuggerAddress: localhost:50588}, javascriptEnabled: true, networkConnectionEnabled: false, pageLoadStrategy: normal, platform: WINDOWS, platformName: WINDOWS, proxy: Proxy(), setWindowRect: true, strictFileInteractability: false, timeouts: {implicit: 0, pageLoad: 300000, script: 30000}, unhandledPromptBehavior: dismiss and notify, webauthn:extension:credBlob: true, webauthn:extension:largeBlob: true, webauthn:extension:minPinLength: true, webauthn:extension:prf: true, webauthn:virtualAuthenticators: true}\nSession ID: 5778482220f1735fb0562ce043aeb0eb\r\n\tat org.openqa.selenium.support.ui.WebDriverWait.timeoutException(WebDriverWait.java:95)\r\n\tat org.openqa.selenium.support.ui.FluentWait.until(FluentWait.java:272)\r\n\tat SeleniumUtils.utility.waitForElementToBeClickable(utility.java:41)\r\n\tat Pages.orderPage.proceedToCheckOut(orderPage.java:119)\r\n\tat StepDefinition.orderStepDef.userProceedsToCheckout(orderStepDef.java:59)\r\n\tat ✽.User proceeds to checkout(file:///D:/SeleniumCucumberFramwork/src/test/java/FeatureFiles/order.feature:11)\r\n"},"stage":"finished","steps":[{"name":"Given  User is logged in","status":"passed","statusDetails":{"known":false,"muted":false,"flaky":false},"stage":"finished","steps":[],"attachments":[],"parameters":[],"start":1696766382009,"stop":1696766440729},{"name":"And  User searches for product \"Adrienne Trek Jacket\"","status":"passed","statusDetails":{"known":false,"muted":false,"flaky":false},"stage":"finished","steps":[],"attachments":[],"parameters":[],"start":1696766440743,"stop":1696766449134},{"name":"And  User selects size \"S\" , color \"Gray\" and quantity \"1\" for searched product","status":"passed","statusDetails":{"known":false,"muted":false,"flaky":false},"stage":"finished","steps":[],"attachments":[],"parameters":[],"start":1696766449136,"stop":1696766449581},{"name":"And  User adds selected product to cart","status":"passed","statusDetails":{"known":false,"muted":false,"flaky":false},"stage":"finished","steps":[],"attachments":[],"parameters":[],"start":1696766449582,"stop":1696766452673},{"name":"When  User proceeds to checkout","status":"broken","statusDetails":{"known":false,"muted":false,"flaky":false,"message":"Expected condition failed: waiting for element to be clickable: [[ChromeDriver: chrome on WINDOWS (5778482220f1735fb0562ce043aeb0eb)] -> id: top-cart-btn-checkout] (tried for 40 second(s) with 500 milliseconds interval)\nBuild info: version: '3.141.59', revision: 'e82be7d358', time: '2018-11-14T08:17:03'\nSystem info: host: 'KHILT-9707', ip: '10.60.64.208', os.name: 'Windows 10', os.arch: 'amd64', os.version: '10.0', java.version: '17.0.2'\nDriver info: org.openqa.selenium.chrome.ChromeDriver\nCapabilities {acceptInsecureCerts: false, browserName: chrome, browserVersion: 117.0.5938.132, chrome: {chromedriverVersion: 117.0.5938.92 (67649b10b92b..., userDataDir: C:\\Users\\SAHRIS~1.MAN\\AppDa...}, fedcm:accounts: true, goog:chromeOptions: {debuggerAddress: localhost:50588}, javascriptEnabled: true, networkConnectionEnabled: false, pageLoadStrategy: normal, platform: WINDOWS, platformName: WINDOWS, proxy: Proxy(), setWindowRect: true, strictFileInteractability: false, timeouts: {implicit: 0, pageLoad: 300000, script: 30000}, unhandledPromptBehavior: dismiss and notify, webauthn:extension:credBlob: true, webauthn:extension:largeBlob: true, webauthn:extension:minPinLength: true, webauthn:extension:prf: true, webauthn:virtualAuthenticators: true}\nSession ID: 5778482220f1735fb0562ce043aeb0eb","trace":"org.openqa.selenium.TimeoutException: Expected condition failed: waiting for element to be clickable: [[ChromeDriver: chrome on WINDOWS (5778482220f1735fb0562ce043aeb0eb)] -> id: top-cart-btn-checkout] (tried for 40 second(s) with 500 milliseconds interval)\nBuild info: version: '3.141.59', revision: 'e82be7d358', time: '2018-11-14T08:17:03'\nSystem info: host: 'KHILT-9707', ip: '10.60.64.208', os.name: 'Windows 10', os.arch: 'amd64', os.version: '10.0', java.version: '17.0.2'\nDriver info: org.openqa.selenium.chrome.ChromeDriver\nCapabilities {acceptInsecureCerts: false, browserName: chrome, browserVersion: 117.0.5938.132, chrome: {chromedriverVersion: 117.0.5938.92 (67649b10b92b..., userDataDir: C:\\Users\\SAHRIS~1.MAN\\AppDa...}, fedcm:accounts: true, goog:chromeOptions: {debuggerAddress: localhost:50588}, javascriptEnabled: true, networkConnectionEnabled: false, pageLoadStrategy: normal, platform: WINDOWS, platformName: WINDOWS, proxy: Proxy(), setWindowRect: true, strictFileInteractability: false, timeouts: {implicit: 0, pageLoad: 300000, script: 30000}, unhandledPromptBehavior: dismiss and notify, webauthn:extension:credBlob: true, webauthn:extension:largeBlob: true, webauthn:extension:minPinLength: true, webauthn:extension:prf: true, webauthn:virtualAuthenticators: true}\nSession ID: 5778482220f1735fb0562ce043aeb0eb\r\n\tat org.openqa.selenium.support.ui.WebDriverWait.timeoutException(WebDriverWait.java:95)\r\n\tat org.openqa.selenium.support.ui.FluentWait.until(FluentWait.java:272)\r\n\tat SeleniumUtils.utility.waitForElementToBeClickable(utility.java:41)\r\n\tat Pages.orderPage.proceedToCheckOut(orderPage.java:119)\r\n\tat StepDefinition.orderStepDef.userProceedsToCheckout(orderStepDef.java:59)\r\n\tat ✽.User proceeds to checkout(file:///D:/SeleniumCucumberFramwork/src/test/java/FeatureFiles/order.feature:11)\r\n"},"stage":"finished","steps":[],"attachments":[],"parameters":[],"start":1696766452674,"stop":1696766493119},{"name":"Then  The order is placed successfully and Order id is generated","status":"skipped","statusDetails":{"known":false,"muted":false,"flaky":false},"stage":"finished","steps":[],"attachments":[],"parameters":[],"start":1696766493121,"stop":1696766493122}],"attachments":[],"parameters":[],"start":1696766382005,"stop":1696766493129,"uuid":"292a00e1-4ee5-47ff-a1ba-14832717a0ea","historyId":"bdfb3cb14a2d2c86b7ec34e1d9e3d844","fullName":"User is making order of jacket: Making a order","labels":[{"name":"host","value":"KHILT-9707"},{"name":"thread","value":"10056@KHILT-9707.TestNG-PoolService-0(18)"},{"name":"feature","value":"User is making order of jacket"},{"name":"story","value":"Making a order"},{"name":"suite","value":"User is making order of jacket"},{"name":"testClass","value":"Making a order"},{"name":"framework","value":"cucumber4jvm"},{"name":"language","value":"java"},{"name":"gherkin_uri","value":"file:///D:/SeleniumCucumberFramwork/src/test/java/FeatureFiles/order.feature"},{"name":"package","value":"src.test.java.FeatureFiles.order_feature.User is making order of jacket"}],"links":[]}