{"name":"Making a order","status":"failed","statusDetails":{"known":false,"muted":false,"flaky":false,"message":"Login failed expected [Welcome, sahrish manzoor!] but found []","trace":"java.lang.AssertionError: Login failed expected [Welcome, sahrish manzoor!] but found []\r\n\tat org.testng.Assert.fail(Assert.java:97)\r\n\tat org.testng.Assert.assertEqualsImpl(Assert.java:136)\r\n\tat org.testng.Assert.assertEquals(Assert.java:118)\r\n\tat org.testng.Assert.assertEquals(Assert.java:575)\r\n\tat Pages.loginPage.signinUserDashboard(loginPage.java:60)\r\n\tat StepDefinition.loginStepDef.userIsRoutedToDashboardPageAsLoggedInUser(loginStepDef.java:47)\r\n\tat StepDefinition.orderStepDef.userIsLoggedIn(orderStepDef.java:36)\r\n\tat ✽.User is logged in(file:///D:/SeleniumCucumberFramwork/src/test/java/FeatureFiles/order.feature:7)\r\n"},"stage":"finished","steps":[{"name":"Given  User is logged in","status":"failed","statusDetails":{"known":false,"muted":false,"flaky":false,"message":"Login failed expected [Welcome, sahrish manzoor!] but found []","trace":"java.lang.AssertionError: Login failed expected [Welcome, sahrish manzoor!] but found []\r\n\tat org.testng.Assert.fail(Assert.java:97)\r\n\tat org.testng.Assert.assertEqualsImpl(Assert.java:136)\r\n\tat org.testng.Assert.assertEquals(Assert.java:118)\r\n\tat org.testng.Assert.assertEquals(Assert.java:575)\r\n\tat Pages.loginPage.signinUserDashboard(loginPage.java:60)\r\n\tat StepDefinition.loginStepDef.userIsRoutedToDashboardPageAsLoggedInUser(loginStepDef.java:47)\r\n\tat StepDefinition.orderStepDef.userIsLoggedIn(orderStepDef.java:36)\r\n\tat ✽.User is logged in(file:///D:/SeleniumCucumberFramwork/src/test/java/FeatureFiles/order.feature:7)\r\n"},"stage":"finished","steps":[],"attachments":[],"parameters":[],"start":1696766529809,"stop":1696766547755},{"name":"And  User searches for product \"Adrienne Trek Jacket\"","status":"skipped","statusDetails":{"known":false,"muted":false,"flaky":false},"stage":"finished","steps":[],"attachments":[],"parameters":[],"start":1696766547762,"stop":1696766547763},{"name":"And  User selects size \"S\" , color \"Gray\" and quantity \"1\" for searched product","status":"skipped","statusDetails":{"known":false,"muted":false,"flaky":false},"stage":"finished","steps":[],"attachments":[],"parameters":[],"start":1696766547764,"stop":1696766547765},{"name":"And  User adds selected product to cart","status":"skipped","statusDetails":{"known":false,"muted":false,"flaky":false},"stage":"finished","steps":[],"attachments":[],"parameters":[],"start":1696766547766,"stop":1696766547766},{"name":"When  User proceeds to checkout","status":"skipped","statusDetails":{"known":false,"muted":false,"flaky":false},"stage":"finished","steps":[],"attachments":[],"parameters":[],"start":1696766547767,"stop":1696766547778},{"name":"Then  The order is placed successfully and Order id is generated","status":"skipped","statusDetails":{"known":false,"muted":false,"flaky":false},"stage":"finished","steps":[],"attachments":[],"parameters":[],"start":1696766547779,"stop":1696766547780}],"attachments":[],"parameters":[],"start":1696766529805,"stop":1696766547791,"uuid":"95baa25a-4100-4732-87c7-4ca0cea19705","historyId":"bdfb3cb14a2d2c86b7ec34e1d9e3d844","fullName":"User is making order of jacket: Making a order","labels":[{"name":"host","value":"KHILT-9707"},{"name":"thread","value":"23012@KHILT-9707.TestNG-PoolService-0(18)"},{"name":"feature","value":"User is making order of jacket"},{"name":"story","value":"Making a order"},{"name":"suite","value":"User is making order of jacket"},{"name":"testClass","value":"Making a order"},{"name":"framework","value":"cucumber4jvm"},{"name":"language","value":"java"},{"name":"gherkin_uri","value":"file:///D:/SeleniumCucumberFramwork/src/test/java/FeatureFiles/order.feature"},{"name":"package","value":"src.test.java.FeatureFiles.order_feature.User is making order of jacket"}],"links":[]}