{"uid":"933defd69f94b528","name":"Making a order","fullName":"User is making order of jacket: Making a order","historyId":"bdfb3cb14a2d2c86b7ec34e1d9e3d844","time":{"start":1696766529805,"stop":1696766547791,"duration":17986},"status":"failed","statusMessage":"Login failed expected [Welcome, sahrish manzoor!] but found []","statusTrace":"java.lang.AssertionError: Login failed expected [Welcome, sahrish manzoor!] but found []\r\n\tat org.testng.Assert.fail(Assert.java:97)\r\n\tat org.testng.Assert.assertEqualsImpl(Assert.java:136)\r\n\tat org.testng.Assert.assertEquals(Assert.java:118)\r\n\tat org.testng.Assert.assertEquals(Assert.java:575)\r\n\tat Pages.loginPage.signinUserDashboard(loginPage.java:60)\r\n\tat StepDefinition.loginStepDef.userIsRoutedToDashboardPageAsLoggedInUser(loginStepDef.java:47)\r\n\tat StepDefinition.orderStepDef.userIsLoggedIn(orderStepDef.java:36)\r\n\tat ✽.User is logged in(file:///D:/SeleniumCucumberFramwork/src/test/java/FeatureFiles/order.feature:7)\r\n","flaky":false,"newFailed":false,"newBroken":false,"newPassed":false,"retriesCount":2,"retriesStatusChange":true,"beforeStages":[],"testStage":{"status":"failed","statusMessage":"Login failed expected [Welcome, sahrish manzoor!] but found []","statusTrace":"java.lang.AssertionError: Login failed expected [Welcome, sahrish manzoor!] but found []\r\n\tat org.testng.Assert.fail(Assert.java:97)\r\n\tat org.testng.Assert.assertEqualsImpl(Assert.java:136)\r\n\tat org.testng.Assert.assertEquals(Assert.java:118)\r\n\tat org.testng.Assert.assertEquals(Assert.java:575)\r\n\tat Pages.loginPage.signinUserDashboard(loginPage.java:60)\r\n\tat StepDefinition.loginStepDef.userIsRoutedToDashboardPageAsLoggedInUser(loginStepDef.java:47)\r\n\tat StepDefinition.orderStepDef.userIsLoggedIn(orderStepDef.java:36)\r\n\tat ✽.User is logged in(file:///D:/SeleniumCucumberFramwork/src/test/java/FeatureFiles/order.feature:7)\r\n","steps":[{"name":"Given  User is logged in","time":{"start":1696766529809,"stop":1696766547755,"duration":17946},"status":"failed","statusMessage":"Login failed expected [Welcome, sahrish manzoor!] but found []","statusTrace":"java.lang.AssertionError: Login failed expected [Welcome, sahrish manzoor!] but found []\r\n\tat org.testng.Assert.fail(Assert.java:97)\r\n\tat org.testng.Assert.assertEqualsImpl(Assert.java:136)\r\n\tat org.testng.Assert.assertEquals(Assert.java:118)\r\n\tat org.testng.Assert.assertEquals(Assert.java:575)\r\n\tat Pages.loginPage.signinUserDashboard(loginPage.java:60)\r\n\tat StepDefinition.loginStepDef.userIsRoutedToDashboardPageAsLoggedInUser(loginStepDef.java:47)\r\n\tat StepDefinition.orderStepDef.userIsLoggedIn(orderStepDef.java:36)\r\n\tat ✽.User is logged in(file:///D:/SeleniumCucumberFramwork/src/test/java/FeatureFiles/order.feature:7)\r\n","steps":[],"attachments":[],"parameters":[],"attachmentsCount":0,"shouldDisplayMessage":true,"stepsCount":0,"hasContent":true},{"name":"And  User searches for product \"Adrienne Trek Jacket\"","time":{"start":1696766547762,"stop":1696766547763,"duration":1},"status":"skipped","steps":[],"attachments":[],"parameters":[],"attachmentsCount":0,"shouldDisplayMessage":false,"stepsCount":0,"hasContent":false},{"name":"And  User selects size \"S\" , color \"Gray\" and quantity \"1\" for searched product","time":{"start":1696766547764,"stop":1696766547765,"duration":1},"status":"skipped","steps":[],"attachments":[],"parameters":[],"attachmentsCount":0,"shouldDisplayMessage":false,"stepsCount":0,"hasContent":false},{"name":"And  User adds selected product to cart","time":{"start":1696766547766,"stop":1696766547766,"duration":0},"status":"skipped","steps":[],"attachments":[],"parameters":[],"attachmentsCount":0,"shouldDisplayMessage":false,"stepsCount":0,"hasContent":false},{"name":"When  User proceeds to checkout","time":{"start":1696766547767,"stop":1696766547778,"duration":11},"status":"skipped","steps":[],"attachments":[],"parameters":[],"attachmentsCount":0,"shouldDisplayMessage":false,"stepsCount":0,"hasContent":false},{"name":"Then  The order is placed successfully and Order id is generated","time":{"start":1696766547779,"stop":1696766547780,"duration":1},"status":"skipped","steps":[],"attachments":[],"parameters":[],"attachmentsCount":0,"shouldDisplayMessage":false,"stepsCount":0,"hasContent":false}],"attachments":[],"parameters":[],"attachmentsCount":0,"shouldDisplayMessage":false,"stepsCount":6,"hasContent":true},"afterStages":[],"labels":[{"name":"host","value":"KHILT-9707"},{"name":"thread","value":"23012@KHILT-9707.TestNG-PoolService-0(18)"},{"name":"feature","value":"User is making order of jacket"},{"name":"story","value":"Making a order"},{"name":"suite","value":"User is making order of jacket"},{"name":"testClass","value":"Making a order"},{"name":"framework","value":"cucumber4jvm"},{"name":"language","value":"java"},{"name":"gherkin_uri","value":"file:///D:/SeleniumCucumberFramwork/src/test/java/FeatureFiles/order.feature"},{"name":"package","value":"src.test.java.FeatureFiles.order_feature.User is making order of jacket"},{"name":"resultFormat","value":"allure2"}],"parameters":[],"links":[],"hidden":false,"retry":false,"extra":{"severity":"normal","retries":[{"uid":"bdbf52ee8c8ff86e","status":"broken","statusDetails":"Expected condition failed: waiting for element to be clickable: [[ChromeDriver: chrome on WINDOWS (5778482220f1735fb0562ce043aeb0eb)] -> id: top-cart-btn-checkout] (tried for 40 second(s) with 500 milliseconds interval)\nBuild info: version: '3.141.59', revision: 'e82be7d358', time: '2018-11-14T08:17:03'\nSystem info: host: 'KHILT-9707', ip: '10.60.64.208', os.name: 'Windows 10', os.arch: 'amd64', os.version: '10.0', java.version: '17.0.2'\nDriver info: org.openqa.selenium.chrome.ChromeDriver\nCapabilities {acceptInsecureCerts: false, browserName: chrome, browserVersion: 117.0.5938.132, chrome: {chromedriverVersion: 117.0.5938.92 (67649b10b92b..., userDataDir: C:\\Users\\SAHRIS~1.MAN\\AppDa...}, fedcm:accounts: true, goog:chromeOptions: {debuggerAddress: localhost:50588}, javascriptEnabled: true, networkConnectionEnabled: false, pageLoadStrategy: normal, platform: WINDOWS, platformName: WINDOWS, proxy: Proxy(), setWindowRect: true, strictFileInteractability: false, timeouts: {implicit: 0, pageLoad: 300000, script: 30000}, unhandledPromptBehavior: dismiss and notify, webauthn:extension:credBlob: true, webauthn:extension:largeBlob: true, webauthn:extension:minPinLength: true, webauthn:extension:prf: true, webauthn:virtualAuthenticators: true}\nSession ID: 5778482220f1735fb0562ce043aeb0eb","time":{"start":1696766382005,"stop":1696766493129,"duration":111124}},{"uid":"90bddb8d40202984","status":"passed","time":{"start":1696433126718,"stop":1696433173535,"duration":46817}}],"categories":[{"name":"Product defects","matchedStatuses":[],"flaky":false}],"tags":[]},"source":"933defd69f94b528.json","parameterValues":[]}